[    0.000000] Initializing cgroup subsys cpuset
[    0.000000] Initializing cgroup subsys cpu
[    0.000000] Initializing cgroup subsys cpuacct
[    0.000000] Linux version 4.4.0-210-generic (buildd@lgw01-amd64-009) (gcc version 5.4.0 20160609 (Ubuntu 5.4.0-6ubuntu1~16.04.12) ) #242-Ubuntu SMP Fri Apr 16 09:57:56 UTC 2021 (Ubuntu 4.4.0-210.242-generic 4.4.262)
[    0.000000] Command line: BOOT_IMAGE=/boot/vmlinuz-4.4.0-210-generic root=LABEL=cloudimg-rootfs ro console=tty1 console=ttyS0
[    0.000000] KERNEL supported cpus:
[    0.000000]   Intel GenuineIntel
[    0.000000]   AMD AuthenticAMD
[    0.000000]   Centaur CentaurHauls
[    0.000000] x86/fpu: xstate_offset[2]:  576, xstate_sizes[2]:  256
[    0.000000] x86/fpu: Supporting XSAVE feature 0x01: 'x87 floating point registers'
[    0.000000] x86/fpu: Supporting XSAVE feature 0x02: 'SSE registers'
[    0.000000] x86/fpu: Supporting XSAVE feature 0x04: 'AVX registers'
[    0.000000] x86/fpu: Enabled xstate features 0x7, context size is 832 bytes, using 'standard' format.
[    0.000000] e820: BIOS-provided physical RAM map:
[    0.000000] BIOS-e820: [mem 0x0000000000000000-0x000000000009fbff] usable
[    0.000000] BIOS-e820: [mem 0x000000000009fc00-0x000000000009ffff] reserved
[    0.000000] BIOS-e820: [mem 0x00000000000f0000-0x00000000000fffff] reserved
[    0.000000] BIOS-e820: [mem 0x0000000000100000-0x000000001ffeffff] usable
[    0.000000] BIOS-e820: [mem 0x000000001fff0000-0x000000001fffffff] ACPI data
[    0.000000] BIOS-e820: [mem 0x00000000fec00000-0x00000000fec00fff] reserved
[    0.000000] BIOS-e820: [mem 0x00000000fee00000-0x00000000fee00fff] reserved
[    0.000000] BIOS-e820: [mem 0x00000000fffc0000-0x00000000ffffffff] reserved
[    0.000000] NX (Execute Disable) protection: active
[    0.000000] SMBIOS 2.5 present.
[    0.000000] Hypervisor detected: KVM
[    0.000000] e820: last_pfn = 0x1fff0 max_arch_pfn = 0x400000000
[    0.000000] MTRR: Disabled
[    0.000000] x86/PAT: MTRRs disabled, skipping PAT initialization too.
[    0.000000] CPU MTRRs all blank - virtualized system.
[    0.000000] x86/PAT: Configuration [0-7]: WB  WT  UC- UC  WB  WT  UC- UC  
[    0.000000] found SMP MP-table at [mem 0x0009fff0-0x0009ffff] mapped at [ffff88000009fff0]
[    0.000000] Scanning 1 areas for low memory corruption
[    0.000000] RAMDISK: [mem 0x1e8c2000-0x1f74bfff]
[    0.000000] ACPI: Early table checksum verification disabled
[    0.000000] ACPI: RSDP 0x00000000000E0000 000024 (v02 VBOX  )
[    0.000000] ACPI: XSDT 0x000000001FFF0030 00003C (v01 VBOX   VBOXXSDT 00000001 ASL  00000061)
[    0.000000] ACPI: FACP 0x000000001FFF00F0 0000F4 (v04 VBOX   VBOXFACP 00000001 ASL  00000061)
[    0.000000] ACPI: DSDT 0x000000001FFF0470 002325 (v02 VBOX   VBOXBIOS 00000002 INTL 20210604)
[    0.000000] ACPI: FACS 0x000000001FFF0200 000040
[    0.000000] ACPI: FACS 0x000000001FFF0200 000040
[    0.000000] ACPI: APIC 0x000000001FFF0240 000054 (v02 VBOX   VBOXAPIC 00000001 ASL  00000061)
[    0.000000] ACPI: SSDT 0x000000001FFF02A0 0001CC (v01 VBOX   VBOXCPUT 00000002 INTL 20210604)
[    0.000000] No NUMA configuration found
[    0.000000] Faking a node at [mem 0x0000000000000000-0x000000001ffeffff]
[    0.000000] NODE_DATA(0) allocated [mem 0x1ffeb000-0x1ffeffff]
[    0.000000] kvm-clock: Using msrs 4b564d01 and 4b564d00
[    0.000000] kvm-clock: cpu 0, msr 0:1ffe3001, primary cpu clock
[    0.000000] kvm-clock: using sched offset of 3659329433 cycles
[    0.000000] clocksource: kvm-clock: mask: 0xffffffffffffffff max_cycles: 0x1cd42e4dffb, max_idle_ns: 881590591483 ns
[    0.000000] Zone ranges:
[    0.000000]   DMA      [mem 0x0000000000001000-0x0000000000ffffff]
[    0.000000]   DMA32    [mem 0x0000000001000000-0x000000001ffeffff]
[    0.000000]   Normal   empty
[    0.000000]   Device   empty
[    0.000000] Movable zone start for each node
[    0.000000] Early memory node ranges
[    0.000000]   node   0: [mem 0x0000000000001000-0x000000000009efff]
[    0.000000]   node   0: [mem 0x0000000000100000-0x000000001ffeffff]
[    0.000000] Initmem setup node 0 [mem 0x0000000000001000-0x000000001ffeffff]
[    0.000000] ACPI: PM-Timer IO Port: 0x4008
[    0.000000] IOAPIC[0]: apic_id 1, version 32, address 0xfec00000, GSI 0-23
[    0.000000] ACPI: INT_SRC_OVR (bus 0 bus_irq 0 global_irq 2 dfl dfl)
[    0.000000] ACPI: INT_SRC_OVR (bus 0 bus_irq 9 global_irq 9 low level)
[    0.000000] Using ACPI (MADT) for SMP configuration information
[    0.000000] smpboot: Allowing 1 CPUs, 0 hotplug CPUs
[    0.000000] PM: Registered nosave memory: [mem 0x00000000-0x00000fff]
[    0.000000] PM: Registered nosave memory: [mem 0x0009f000-0x0009ffff]
[    0.000000] PM: Registered nosave memory: [mem 0x000a0000-0x000effff]
[    0.000000] PM: Registered nosave memory: [mem 0x000f0000-0x000fffff]
[    0.000000] e820: [mem 0x20000000-0xfebfffff] available for PCI devices
[    0.000000] Booting paravirtualized kernel on KVM
[    0.000000] clocksource: refined-jiffies: mask: 0xffffffff max_cycles: 0xffffffff, max_idle_ns: 7645519600211568 ns
[    0.000000] setup_percpu: NR_CPUS:512 nr_cpumask_bits:512 nr_cpu_ids:1 nr_node_ids:1
[    0.000000] PERCPU: Embedded 33 pages/cpu @ffff88001fc00000 s95192 r8192 d31784 u2097152
[    0.000000] Built 1 zonelists in Node order, mobility grouping on.  Total pages: 128888
[    0.000000] Policy zone: DMA32
[    0.000000] Kernel command line: BOOT_IMAGE=/boot/vmlinuz-4.4.0-210-generic root=LABEL=cloudimg-rootfs ro console=tty1 console=ttyS0
[    0.000000] PID hash table entries: 2048 (order: 2, 16384 bytes)
[    0.000000] Memory: 481844K/523832K available (8644K kernel code, 1332K rwdata, 4044K rodata, 1492K init, 1164K bss, 41988K reserved, 0K cma-reserved)
[    0.000000] SLUB: HWalign=64, Order=0-3, MinObjects=0, CPUs=1, Nodes=1
[    0.000000] Kernel/User page tables isolation: enabled
[    0.000000] Hierarchical RCU implementation.
[    0.000000] 	Build-time adjustment of leaf fanout to 64.
[    0.000000] 	RCU restricting CPUs from NR_CPUS=512 to nr_cpu_ids=1.
[    0.000000] RCU: Adjusting geometry for rcu_fanout_leaf=64, nr_cpu_ids=1
[    0.000000] NR_IRQS:33024 nr_irqs:256 16
[    0.000000] Console: colour VGA+ 80x25
[    0.000000] console [tty1] enabled
[    0.000000] console [ttyS0] enabled
[    0.000000] tsc: Detected 2399.998 MHz processor
[    0.140936] Calibrating delay loop (skipped) preset value.. 4799.99 BogoMIPS (lpj=9599992)
[    0.142691] pid_max: default: 32768 minimum: 301
[    0.143731] ACPI: Core revision 20150930
[    0.145585] ACPI: 2 ACPI AML tables successfully acquired and loaded
[    0.146977] Security Framework initialized
[    0.147897] Yama: becoming mindful.
[    0.148806] AppArmor: AppArmor initialized
[    0.149703] Dentry cache hash table entries: 65536 (order: 7, 524288 bytes)
[    0.151166] Inode-cache hash table entries: 32768 (order: 6, 262144 bytes)
[    0.152881] Mount-cache hash table entries: 1024 (order: 1, 8192 bytes)
[    0.154174] Mountpoint-cache hash table entries: 1024 (order: 1, 8192 bytes)
[    0.155604] Initializing cgroup subsys io
[    0.156522] Initializing cgroup subsys memory
[    0.157421] Initializing cgroup subsys devices
[    0.158326] Initializing cgroup subsys freezer
[    0.159257] Initializing cgroup subsys net_cls
[    0.160191] Initializing cgroup subsys perf_event
[    0.161261] Initializing cgroup subsys net_prio
[    0.162191] Initializing cgroup subsys hugetlb
[    0.163192] Initializing cgroup subsys pids
[    0.175174] mce: CPU supports 0 MCE banks
[    0.176217] process: using mwait in idle threads
[    0.177818] Last level iTLB entries: 4KB 64, 2MB 8, 4MB 8
[    0.178944] Last level dTLB entries: 4KB 64, 2MB 0, 4MB 0, 1GB 4
[    0.180073] Spectre V1 : Mitigation: usercopy/swapgs barriers and __user pointer sanitization
[    0.181898] Spectre V2 : Mitigation: Full generic retpoline
[    0.182957] Spectre V2 : Spectre v2 / SpectreRSB mitigation: Filling RSB on context switch
[    0.184607] Speculative Store Bypass: Vulnerable
[    0.185651] SRBDS: Unknown: Dependent on hypervisor status
[    0.186846] MDS: Mitigation: Clear CPU buffers
[    0.215656] Freeing SMP alternatives memory: 36K
[    0.223220] ftrace: allocating 32380 entries in 127 pages
[    0.289318] smpboot: APIC(0) Converting physical 0 to logical package 0
[    0.291264] smpboot: Max logical packages: 1
[    0.292377] x2apic enabled
[    0.293252] Switched APIC routing to physical x2apic.
[    0.295350] ..TIMER: vector=0x30 apic1=0 pin1=2 apic2=-1 pin2=-1
[    0.404582] smpboot: CPU0: Intel(R) Core(TM) i5-6200U CPU @ 2.30GHz (family: 0x6, model: 0x4e, stepping: 0x3)
[    0.406901] Performance Events: unsupported p6 CPU model 78 no PMU driver, software events only.
[    0.420792] KVM setup paravirtual spinlock
[    0.422478] x86: Booted up 1 node, 1 CPUs
[    0.423385] smpboot: Total of 1 processors activated (4799.99 BogoMIPS)
[    0.424840] devtmpfs: initialized
[    0.427644] evm: security.selinux
[    0.428393] evm: security.SMACK64
[    0.429158] evm: security.SMACK64EXEC
[    0.429966] evm: security.SMACK64TRANSMUTE
[    0.430906] evm: security.SMACK64MMAP
[    0.431818] evm: security.ima
[    0.432730] evm: security.capability
[    0.433756] clocksource: jiffies: mask: 0xffffffff max_cycles: 0xffffffff, max_idle_ns: 7645041785100000 ns
[    0.436055] futex hash table entries: 256 (order: 2, 16384 bytes)
[    0.437517] pinctrl core: initialized pinctrl subsystem
[    0.438851] RTC time: 23:56:57, date: 11/02/21
[    0.440120] NET: Registered protocol family 16
[    0.442193] cpuidle: using governor ladder
[    0.444059] cpuidle: using governor menu
[    0.445049] PCCT header not found.
[    0.446056] ACPI: bus type PCI registered
[    0.447009] acpiphp: ACPI Hot Plug PCI Controller Driver version: 0.5
[    0.448529] PCI: Using configuration type 1 for base access
[    0.451731] ACPI: Added _OSI(Module Device)
[    0.452757] ACPI: Added _OSI(Processor Device)
[    0.453884] ACPI: Added _OSI(3.0 _SCP Extensions)
[    0.455025] ACPI: Added _OSI(Processor Aggregator Device)
[    0.456782] ACPI: Executed 1 blocks of module-level executable AML code
[    0.460892] ACPI: Interpreter enabled
[    0.461883] ACPI: (supports S0 S5)
[    0.462857] ACPI: Using IOAPIC for interrupt routing
[    0.464194] PCI: Using host bridge windows from ACPI; if necessary, use "pci=nocrs" and report a bug
[    0.469805] ACPI: PCI Root Bridge [PCI0] (domain 0000 [bus 00-ff])
[    0.471299] acpi PNP0A03:00: _OSC: OS supports [ASPM ClockPM Segments MSI]
[    0.473364] acpi PNP0A03:00: _OSC: not requesting OS control; OS requires [ExtendedConfig ASPM ClockPM MSI]
[    0.475728] acpi PNP0A03:00: fail to add MMCONFIG information, can't access extended PCI configuration space under this bridge.
[    0.478636] PCI host bridge to bus 0000:00
[    0.479615] pci_bus 0000:00: root bus resource [io  0x0000-0x0cf7 window]
[    0.482042] pci_bus 0000:00: root bus resource [io  0x0d00-0xffff window]
[    0.484271] pci_bus 0000:00: root bus resource [mem 0x000a0000-0x000bffff window]
[    0.486069] pci_bus 0000:00: root bus resource [mem 0x20000000-0xfdffffff window]
[    0.487869] pci_bus 0000:00: root bus resource [bus 00-ff]
[    0.490717] pci 0000:00:01.1: legacy IDE quirk: reg 0x10: [io  0x01f0-0x01f7]
[    0.492281] pci 0000:00:01.1: legacy IDE quirk: reg 0x14: [io  0x03f6]
[    0.493704] pci 0000:00:01.1: legacy IDE quirk: reg 0x18: [io  0x0170-0x0177]
[    0.495271] pci 0000:00:01.1: legacy IDE quirk: reg 0x1c: [io  0x0376]
[    0.515108] pci 0000:00:07.0: quirk: [io  0x4000-0x403f] claimed by PIIX4 ACPI
[    0.517215] pci 0000:00:07.0: quirk: [io  0x4100-0x410f] claimed by PIIX4 SMB
[    0.522152] ACPI: PCI Interrupt Link [LNKA] (IRQs 5 9 10 *11)
[    0.524056] ACPI: PCI Interrupt Link [LNKB] (IRQs 5 9 *10 11)
[    0.525759] ACPI: PCI Interrupt Link [LNKC] (IRQs 5 *9 10 11)
[    0.527560] ACPI: PCI Interrupt Link [LNKD] (IRQs 5 9 10 *11)
[    0.529292] ACPI: Enabled 2 GPEs in block 00 to 07
[    0.530815] vgaarb: setting as boot device: PCI:0000:00:02.0
[    0.532106] vgaarb: device added: PCI:0000:00:02.0,decodes=io+mem,owns=io+mem,locks=none
[    0.534041] vgaarb: loaded
[    0.534761] vgaarb: bridge control possible 0000:00:02.0
[    0.536171] SCSI subsystem initialized
[    0.537144] ACPI: bus type USB registered
[    0.538175] usbcore: registered new interface driver usbfs
[    0.539409] usbcore: registered new interface driver hub
[    0.540610] usbcore: registered new device driver usb
[    0.541967] PCI: Using ACPI for IRQ routing
[    0.543870] NetLabel: Initializing
[    0.544830] NetLabel:  domain hash size = 128
[    0.545921] NetLabel:  protocols = UNLABELED CIPSOv4
[    0.547106] NetLabel:  unlabeled traffic allowed by default
[    0.548482] amd_nb: Cannot enumerate AMD northbridges
[    0.549742] clocksource: Switched to clocksource kvm-clock
[    0.556912] AppArmor: AppArmor Filesystem Enabled
[    0.558197] pnp: PnP ACPI init
[    0.560061] pnp: PnP ACPI: found 3 devices
[    0.566709] clocksource: acpi_pm: mask: 0xffffff max_cycles: 0xffffff, max_idle_ns: 2085701024 ns
[    0.568922] NET: Registered protocol family 2
[    0.570143] TCP established hash table entries: 4096 (order: 3, 32768 bytes)
[    0.572138] TCP bind hash table entries: 4096 (order: 4, 65536 bytes)
[    0.573377] TCP: Hash tables configured (established 4096 bind 4096)
[    0.574621] UDP hash table entries: 256 (order: 1, 8192 bytes)
[    0.575718] UDP-Lite hash table entries: 256 (order: 1, 8192 bytes)
[    0.576927] NET: Registered protocol family 1
[    0.577931] pci 0000:00:00.0: Limiting direct PCI/PCI transfers
[    0.579179] pci 0000:00:01.0: Activating ISA DMA hang workarounds
[    0.580485] Unpacking initramfs...
[    0.815751] Freeing initrd memory: 14888K
[    0.816848] clocksource: tsc: mask: 0xffffffffffffffff max_cycles: 0x229835b7123, max_idle_ns: 440795242976 ns
[    0.818816] platform rtc_cmos: registered platform RTC device (no PNP device found)
[    0.820694] Scanning for low memory corruption every 60 seconds
[    0.822315] audit: initializing netlink subsys (disabled)
[    0.823583] audit: type=2000 audit(1635897422.123:1): initialized
[    0.825243] Initialise system trusted keyring
[    0.826381] HugeTLB registered 2 MB page size, pre-allocated 0 pages
[    0.829037] zbud: loaded
[    0.830079] VFS: Disk quotas dquot_6.6.0
[    0.831099] VFS: Dquot-cache hash table entries: 512 (order 0, 4096 bytes)
[    0.832964] squashfs: version 4.0 (2009/01/31) Phillip Lougher
[    0.834534] fuse init (API version 7.23)
[    0.835471] Key type big_key registered
[    0.836307] Allocating IMA MOK and blacklist keyrings.
[    0.837582] Key type asymmetric registered
[    0.838590] Asymmetric key parser 'x509' registered
[    0.839604] Block layer SCSI generic (bsg) driver version 0.4 loaded (major 249)
[    0.841229] io scheduler noop registered
[    0.842053] io scheduler deadline registered (default)
[    0.843108] io scheduler cfq registered
[    0.844053] pci_hotplug: PCI Hot Plug PCI Core version: 0.5
[    0.845134] pciehp: PCI Express Hot Plug Controller Driver version: 0.4
[    0.846504] ACPI: AC Adapter [AC] (on-line)
[    0.847436] input: Power Button as /devices/LNXSYSTM:00/LNXPWRBN:00/input/input0
[    0.848964] ACPI: Power Button [PWRF]
[    0.849839] input: Sleep Button as /devices/LNXSYSTM:00/LNXSLPBN:00/input/input1
[    0.851450] ACPI: Sleep Button [SLPF]
[    0.852864] ACPI: Battery Slot [BAT0] (battery present)
[    0.854775] GHES: HEST is not enabled!
[    0.856670] Serial: 8250/16550 driver, 32 ports, IRQ sharing enabled
[    0.878797] 00:02: ttyS0 at I/O 0x3f8 (irq = 4, base_baud = 115200) is a 16550A
[    0.881310] Linux agpgart interface v0.103
[    0.884816] loop: module loaded
[    0.886369] scsi host0: ata_piix
[    0.887155] scsi host1: ata_piix
[    0.887903] ata1: PATA max UDMA/33 cmd 0x1f0 ctl 0x3f6 bmdma 0xd000 irq 14
[    0.890959] ata2: PATA max UDMA/33 cmd 0x170 ctl 0x376 bmdma 0xd008 irq 15
[    0.893440] libphy: Fixed MDIO Bus: probed
[    0.894792] tun: Universal TUN/TAP device driver, 1.6
[    0.896086] tun: (C) 1999-2004 Max Krasnyansky <maxk@qualcomm.com>
[    0.897760] PPP generic driver version 2.4.2
[    0.899116] ehci_hcd: USB 2.0 'Enhanced' Host Controller (EHCI) Driver
[    0.900758] ehci-pci: EHCI PCI platform driver
[    0.902036] ehci-platform: EHCI generic platform driver
[    0.903515] ohci_hcd: USB 1.1 'Open' Host Controller (OHCI) Driver
[    0.905103] ohci-pci: OHCI PCI platform driver
[    0.906254] ohci-platform: OHCI generic platform driver
[    0.907523] uhci_hcd: USB Universal Host Controller Interface driver
[    0.909021] i8042: PNP: PS/2 Controller [PNP0303:PS2K,PNP0f03:PS2M] at 0x60,0x64 irq 1,12
[    0.912194] serio: i8042 KBD port at 0x60,0x64 irq 1
[    0.913209] serio: i8042 AUX port at 0x60,0x64 irq 12
[    0.914457] mousedev: PS/2 mouse device common for all mice
[    0.915746] input: AT Translated Set 2 keyboard as /devices/platform/i8042/serio0/input/input2
[    0.918039] rtc_cmos rtc_cmos: rtc core: registered rtc_cmos as rtc0
[    0.919660] rtc_cmos rtc_cmos: alarms up to one day, 114 bytes nvram
[    0.921118] i2c /dev entries driver
[    0.922157] device-mapper: uevent: version 1.0.3
[    0.923350] device-mapper: ioctl: 4.34.0-ioctl (2015-10-28) initialised: dm-devel@redhat.com
[    0.925652] ledtrig-cpu: registered to indicate activity on CPUs
[    0.927654] NET: Registered protocol family 10
[    0.928969] NET: Registered protocol family 17
[    0.930289] Key type dns_resolver registered
[    0.931791] registered taskstats version 1
[    0.933027] Loading compiled-in X.509 certificates
[    0.935148] Loaded X.509 cert 'Build time autogenerated kernel key: cf00e047681d67edb2720680708b7d9498083038'
[    0.937715] zswap: loaded using pool lzo/zbud
[    0.940928] Key type trusted registered
[    0.945896] Key type encrypted registered
[    0.947111] AppArmor: AppArmor sha1 policy hashing enabled
[    0.948643] ima: No TPM chip found, activating TPM-bypass!
[    0.949959] ima: Allocated hash algorithm: sha1
[    0.951169] evm: HMAC attrs: 0x1
[    0.952378]   Magic number: 13:512:958
[    0.954147] rtc_cmos rtc_cmos: setting system clock to 2021-11-02 23:56:57 UTC (1635897417)
[    0.956483] BIOS EDD facility v0.16 2004-Jun-25, 0 devices found
[    0.958051] EDD information not available.
[    1.078736] Freeing unused kernel memory: 1492K
[    1.080641] Write protecting the kernel read-only data: 14336k
[    1.083088] Freeing unused kernel memory: 1584K
[    1.084546] Freeing unused kernel memory: 52K
Loading, please wait...
starting version 229
[    1.098795] random: udevadm: uninitialized urandom read (16 bytes read, 3 bits of entropy available)
[    1.101230] random: systemd-udevd: uninitialized urandom read (16 bytes read, 3 bits of entropy available)
[    1.103288] random: systemd-udevd: uninitialized urandom read (16 bytes read, 3 bits of entropy available)
[    1.105293] random: systemd-udevd: uninitialized urandom read (16 bytes read, 3 bits of entropy available)
[    1.107342] random: udevadm: uninitialized urandom read (16 bytes read, 3 bits of entropy available)
[    1.109894] random: systemd-udevd: uninitialized urandom read (16 bytes read, 3 bits of entropy available)
[    1.119087] random: systemd-udevd: uninitialized urandom read (16 bytes read, 3 bits of entropy available)
[    1.121382] random: systemd-udevd: uninitialized urandom read (16 bytes read, 3 bits of entropy available)
[    1.125564] random: systemd-udevd: uninitialized urandom read (16 bytes read, 3 bits of entropy available)
[    1.129015] random: udevadm: uninitialized urandom read (16 bytes read, 3 bits of entropy available)
[    1.211988] e1000: Intel(R) PRO/1000 Network Driver - version 7.3.21-k8-NAPI
[    1.213603] e1000: Copyright (c) 1999-2006 Intel Corporation.
[    1.217896] Fusion MPT base driver 3.04.20
[    1.219010] Copyright (c) 1999-2008 LSI Corporation
[    1.229806] Fusion MPT SPI Host driver 3.04.20
[    1.253259] AVX2 version of gcm_enc/dec engaged.
[    1.254551] AES CTR mode by8 optimization enabled
[    1.432865] input: ImExPS/2 Generic Explorer Mouse as /devices/platform/i8042/serio1/input/input4
[    1.622693] e1000 0000:00:03.0 eth0: (PCI:33MHz:32-bit) 02:be:82:6b:cc:1d
[    1.625404] e1000 0000:00:03.0 eth0: Intel(R) PRO/1000 Network Connection
[    1.630275] e1000 0000:00:03.0 enp0s3: renamed from eth0
[    1.633858] mptbase: ioc0: Initiating bringup
[    1.698432] ioc0: LSI53C1030 A0: Capabilities={Initiator}
[    1.865253] scsi host2: ioc0: LSI53C1030 A0, FwRev=00000000h, Ports=1, MaxQ=256, IRQ=20
[    1.984688] scsi 2:0:0:0: Direct-Access     VBOX     HARDDISK         1.0  PQ: 0 ANSI: 5
[    1.992672] scsi target2:0:0: Beginning Domain Validation
[    2.000577] scsi target2:0:0: Domain Validation skipping write tests
[    2.004671] scsi target2:0:0: Ending Domain Validation
[    2.008104] scsi target2:0:0: asynchronous
[    2.010647] scsi 2:0:1:0: Direct-Access     VBOX     HARDDISK         1.0  PQ: 0 ANSI: 5
[    2.014335] scsi target2:0:1: Beginning Domain Validation
[    2.020488] scsi target2:0:1: Domain Validation skipping write tests
[    2.022557] scsi target2:0:1: Ending Domain Validation
[    2.023725] scsi target2:0:1: asynchronous
[    2.039085] sd 2:0:0:0: Attached scsi generic sg0 type 0
[    2.040436] sd 2:0:0:0: [sda] 83886080 512-byte logical blocks: (42.9 GB/40.0 GiB)
[    2.042805] sd 2:0:1:0: [sdb] 20480 512-byte logical blocks: (10.5 MB/10.0 MiB)
[    2.044608] sd 2:0:1:0: [sdb] Write Protect is off
[    2.045602] sd 2:0:0:0: [sda] Write Protect is off
[    2.046723] sd 2:0:1:0: Attached scsi generic sg1 type 0
[    2.048174] sd 2:0:1:0: [sdb] Incomplete mode parameter data
[    2.049504] sd 2:0:1:0: [sdb] Assuming drive cache: write through
[    2.051233] sd 2:0:0:0: [sda] Incomplete mode parameter data
[    2.052580] sd 2:0:0:0: [sda] Assuming drive cache: write through
[    2.093592]  sda: sda1
[    2.095707] sd 2:0:1:0: [sdb] Attached SCSI disk
[    2.097222] sd 2:0:0:0: [sda] Attached SCSI disk
Begin: Loading essential drivers ... [    3.510927] md: linear personality registered for level -1
[    3.515346] md: multipath personality registered for level -4
[    3.519828] md: raid0 personality registered for level 0
[    3.524816] md: raid1 personality registered for level 1
[    3.610701] raid6: sse2x1   gen() 10049 MB/s
[    3.700823] raid6: sse2x1   xor()  7892 MB/s
[    3.789563] raid6: sse2x2   gen() 12893 MB/s
[    3.869818] raid6: sse2x2   xor()  8966 MB/s
[    3.958092] raid6: sse2x4   gen() 14429 MB/s
[    4.030678] raid6: sse2x4   xor()  8450 MB/s
[    4.100681] raid6: avx2x1   gen() 14602 MB/s
[    4.185977] raid6: avx2x2   gen() 22383 MB/s
[    4.264458] raid6: avx2x4   gen() 22238 MB/s
[    4.265796] raid6: using algorithm avx2x2 gen() 22383 MB/s
[    4.267127] raid6: using avx2x2 recovery algorithm
[    4.270760] xor: automatically using best checksumming function:
[    4.397418]    avx       : 76791.000 MB/sec
[    4.400813] async_tx: api initialized (async)
[    4.416067] md: raid6 personality registered for level 6
[    4.417557] md: raid5 personality registered for level 5
[    4.419017] md: raid4 personality registered for level 4
[    4.427053] md: raid10 personality registered for level 10
done.
Begin: Running /scripts/init-premount ... done.
Begin: Mounting root file system ... Begin: Running /scripts/local-top ... done.
Begin: Running /scripts/local-premount ... [    4.467534] Btrfs loaded
Scanning for Btrfs filesystems
done.
Warning: fsck not present, so skipping root file system
[    4.580253] EXT4-fs (sda1): mounted filesystem with ordered data mode. Opts: (null)
done.
Begin: Running /scripts/local-bottom ... done.
Begin: Running /scripts/init-bottom ... done.
[    5.255633] systemd[1]: systemd 229 running in system mode. (+PAM +AUDIT +SELINUX +IMA +APPARMOR +SMACK +SYSVINIT +UTMP +LIBCRYPTSETUP +GCRYPT +GNUTLS +ACL +XZ -LZ4 +SECCOMP +BLKID +ELFUTILS +KMOD -IDN)
[    5.267819] systemd[1]: Detected virtualization oracle.
[    5.273144] systemd[1]: Detected architecture x86-64.

Welcome to [1mUbuntu 16.04.7 LTS[0m!

[    5.307514] systemd[1]: Set hostname to <ubuntu>.
[    5.330070] systemd[1]: Initializing machine ID from random generator.
[    5.334319] systemd[1]: Installed transient /etc/machine-id file.
[    5.513992] random: nonblocking pool is initialized
[    6.305114] systemd[1]: Reached target Swap.
[[0;32m  OK  [0m] Reached target Swap.
[    6.310081] systemd[1]: Listening on Journal Socket (/dev/log).
[[0;32m  OK  [0m] Listening on Journal Socket (/dev/log).
[    6.315787] systemd[1]: Reached target Encrypted Volumes.
[[0;32m  OK  [0m] Reached target Encrypted Volumes.
[    6.319354] systemd[1]: Listening on Journal Socket.
[[0;32m  OK  [0m] Listening on Journal Socket.
[    6.322447] systemd[1]: Listening on udev Kernel Socket.
[[0;32m  OK  [0m] Listening on udev Kernel Socket.
[    6.325128] systemd[1]: Started Forward Password Requests to Wall Directory Watch.
[[0;32m  OK  [0m] Started Forward Password Requests to Wall Directory Watch.
[    6.328943] systemd[1]: Created slice User and Session Slice.
[[0;32m  OK  [0m] Created slice User and Session Slice.
[    6.331386] systemd[1]: Listening on Syslog Socket.
[[0;32m  OK  [0m] Listening on Syslog Socket.
[    6.333487] systemd[1]: Listening on LVM2 poll daemon socket.
[[0;32m  OK  [0m] Listening on LVM2 poll daemon socket.
[    6.335948] systemd[1]: Listening on /dev/initctl Compatibility Named Pipe.
[[0;32m  OK  [0m] Listening on /dev/initctl Compatibility Named Pipe.
[    6.338801] systemd[1]: Started Trigger resolvconf update for networkd DNS.
[[0;32m  OK  [0m] Started Trigger resolvconf update for networkd DNS.
[    6.341649] systemd[1]: Listening on udev Control Socket.
[[0;32m  OK  [0m] Listening on udev Control Socket.
[    6.343956] systemd[1]: Listening on LVM2 metadata daemon socket.
[[0;32m  OK  [0m] Listening on LVM2 metadata daemon socket.
[    6.346448] systemd[1]: Reached target System Time Synchronized.
[[0;32m  OK  [0m] Reached target System Time Synchronized.
[    6.348997] systemd[1]: Reached target User and Group Name Lookups.
[[0;32m  OK  [0m] Reached target User and Group Name Lookups.
[    6.358234] systemd[1]: Set up automount Arbitrary Executable File Formats File System Automount Point.
[[0;32m  OK  [0m] Set up automount Arbitrary Executab...ats File System Automount Point.
[    6.361894] systemd[1]: Listening on Journal Audit Socket.
[[0;32m  OK  [0m] Listening on Journal Audit Socket.
[    6.365185] systemd[1]: Listening on fsck to fsckd communication Socket.
[[0;32m  OK  [0m] Listening on fsck to fsckd communication Socket.
[    6.368227] systemd[1]: Created slice System Slice.
[[0;32m  OK  [0m] Created slice System Slice.
[    6.375949] systemd[1]: Starting Load Kernel Modules...
         Starting Load Kernel Modules...
[    6.378685] systemd[1]: Mounting Huge Pages File System...
         Mounting Huge Pages File System...
[    6.381317] systemd[1]: Created slice system-serial\x2dgetty.slice.
[[0;32m  OK  [0m] Created slice system-serial\x2dgetty.slice.
[    6.384907] systemd[1]: Starting Create list of required static device nodes for the current kernel...
         Starting Create list of required st... nodes for the current kernel...
[    6.390485] systemd[1]: Mounting Debug File System...
         Mounting Debug File System...
[    6.393383] systemd[1]: Mounting POSIX Message Queue File System...
         Mounting POSIX Message Queue File System...
[    6.397338] systemd[1]: Starting Uncomplicated firewall...
         Starting Uncomplicated firewall...
[    6.409941] systemd[1]: Starting Nameserver information manager...
         Starting Nameserver information manager...
[    6.416125] systemd[1]: Starting File System Check on Root Device...
         Starting File System Check on Root Device...
[    6.419991] systemd[1]: Starting Set console keymap...
         Starting Set console keymap...
[    6.463578] systemd[1]: Reached target Slices.
[[0;32m  OK  [0m] Reached target Slices.
[    6.466983] systemd[1]: Starting Journal Service...
         Starting Journal Service...
[    6.469099] systemd[1]: Listening on Device-mapper event daemon FIFOs.
[[0;32m  OK  [0m] Listening on Device-mapper event daemon FIFOs.
[    6.474595] systemd[1]: Starting Monitoring of LVM2 mirrors, snapshots etc. using dmeventd or progress polling...
         Starting Monitoring of LVM2 mirrors... dmeventd or progress polling...
[    6.484055] systemd[1]: Mounted Huge Pages File System.
[[0;32m  OK  [0m] Mounted Huge Pages File System.
[    6.488134] systemd[1]: Mounted POSIX Message Queue File System.
[[0;32m  OK  [0m] Mounted POSIX Message Queue File System.
[    6.492995] systemd[1]: Mounted Debug File System.
[[0;32m  OK  [0m] Mounted Debug File System.
[    6.495861] systemd[1]: Started Create list of required static device nodes for the current kernel.
[[0;32m  OK  [0m] Started Create list of required sta...ce nodes for the current kernel.
[    6.501776] systemd[1]: Started Uncomplicated firewall.
[[0;32m  OK  [0m] Started Uncomplicated firewall.
[    6.507935] systemd[1]: Starting Create Static Device Nodes in /dev...
         Starting Create Static Device Nodes in /dev...
[    6.527132] systemd[1]: Started File System Check Daemon to report status.
[[0;32m  OK  [0m] Started File System Check Daemon to report status.
[    6.537499] systemd[1]: Started Nameserver information manager.
[[0;32m  OK  [0m] Started Nameserver information manager.
[    6.564485] Loading iSCSI transport class v2.0-870.
[    6.675198] iscsi: registered transport (tcp)
[    6.796874] systemd[1]: Started File System Check on Root Device.
[[0;32m  OK  [0m] Started File System Check on Root Device.
[    6.799831] systemd[1]: Starting Remount Root and Kernel File Systems...
         Starting Remount Root and Kernel File Systems...
[    6.810713] systemd[1]: Started Journal Service.
[[0;32m  OK  [0m] Started Journal Service.
[[0;32m  OK  [0m] Started Set console keymap.
[    6.837891] EXT4-fs (sda1): re-mounted. Opts: (null)
[[0;32m  OK  [0m] Started Remount Root and Kernel File Systems.
         Starting Flush Journal to Persistent Storage...
         Starting Load/Save Random Seed...
         Starting udev Coldplug all Devices...
[    6.914014] systemd-journald[401]: Received request to flush runtime journal from PID 1
[[0;32m  OK  [0m] Started Load/Save Random Seed.
[[0;32m  OK  [0m] Started Flush Journal to Persistent Storage.
[    6.952006] iscsi: registered transport (iser)
[[0;32m  OK  [0m] Started Load Kernel Modules.
         Starting Apply Kernel Variables...
         Mounting FUSE Control File System...
[[0;32m  OK  [0m] Mounted FUSE Control File System.
[[0;32m  OK  [0m] Started LVM2 metadata daemon.
[[0;32m  OK  [0m] Started udev Coldplug all Devices.
[[0;32m  OK  [0m] Started Apply Kernel Variables.
[[0;32m  OK  [0m] Started Create Static Device Nodes in /dev.
         Starting udev Kernel Device Manager...
[[0;32m  OK  [0m] Started udev Kernel Device Manager.
[[0;32m  OK  [0m] Started Dispatch Password Requests to Console Directory Watch.
[[0;32m  OK  [0m] Started Monitoring of LVM2 mirrors,...ng dmeventd or progress polling.
[[0;32m  OK  [0m] Reached target Local File Systems (Pre).
[[0;32m  OK  [0m] Reached target Local File Systems.
         Starting Create Volatile Files and Directories...
         Starting Tell Plymouth To Write Out Runtime Data...
         Starting LSB: AppArmor initialization...
         Starting Initial cloud-init job (pre-networking)...
         Starting Set console font and keymap...
         Starting Commit a transient machine-id on disk...
[[0;32m  OK  [0m] Started Commit a transient machine-id on disk.
[[0;32m  OK  [0m] Started Tell Plymouth To Write Out Runtime Data.
[[0;32m  OK  [0m] Started Create Volatile Files and Directories.
         Starting Update UTMP about System Boot/Shutdown...
[[0;32m  OK  [0m] Started Update UTMP about System Boot/Shutdown.
[[0;32m  OK  [0m] Found device /dev/ttyS0.
[[0;32m  OK  [0m] Listening on Load/Save RF Kill Switch Status /dev/rfkill Watch.
[[0;32m  OK  [0m] Started Set console font and keymap.
[[0;32m  OK  [0m] Created slice system-getty.slice.
[[0;32m  OK  [0m] Started LSB: AppArmor initialization.
         Starting Load AppArmor profiles managed internally by snapd...
[[0;32m  OK  [0m] Started Load AppArmor profiles managed internally by snapd.
[   12.980292] cloud-init[508]: Cloud-init v. 21.1-19-gbad84ad4-0ubuntu1~16.04.2 running 'init-local' at Tue, 02 Nov 2021 23:57:09 +0000. Up 12.29 seconds.
[[0;32m  OK  [0m] Started Initial cloud-init job (pre-networking).
[[0;32m  OK  [0m] Reached target Network (Pre).
         Starting Raise network interfaces...
[[0;32m  OK  [0m] Started Raise network interfaces.
[[0;32m  OK  [0m] Reached target Network.
         Starting Initial cloud-init job (metadata service crawler)...
[   15.616302] cloud-init[960]: Cloud-init v. 21.1-19-gbad84ad4-0ubuntu1~16.04.2 running 'init' at Tue, 02 Nov 2021 23:57:10 +0000. Up 13.79 seconds.
[   15.618017] cloud-init[960]: ci-info: ++++++++++++++++++++++++++++++++++++++Net device info++++++++++++++++++++++++++++++++++++++
[   15.619614] cloud-init[960]: ci-info: +--------+------+----------------------------+---------------+--------+-------------------+
[   15.621105] cloud-init[960]: ci-info: | Device |  Up  |          Address           |      Mask     | Scope  |     Hw-Address    |
[   15.622646] cloud-init[960]: ci-info: +--------+------+----------------------------+---------------+--------+-------------------+
[   15.624436] cloud-init[960]: ci-info: | enp0s3 | True |         10.0.2.15          | 255.255.255.0 | global | 02:be:82:6b:cc:1d |
[   15.628284] cloud-init[960]: ci-info: | enp0s3 | True | fe80::be:82ff:fe6b:cc1d/64 |       .       |  link  | 02:be:82:6b:cc:1d |
[   15.632356] cloud-init[960]: ci-info: |   lo   | True |         127.0.0.1          |   255.0.0.0   |  host  |         .         |
[   15.633926] cloud-init[960]: ci-info: |   lo   | True |          ::1/128           |       .       |  host  |         .         |
[   15.636400] cloud-init[960]: ci-info: +--------+------+----------------------------+---------------+--------+-------------------+
[   15.637954] cloud-init[960]: ci-info: +++++++++++++++++++++++++++Route IPv4 info++++++++++++++++++++++++++++
[   15.640384] cloud-init[960]: ci-info: +-------+-------------+----------+---------------+-----------+-------+
[   15.641758] cloud-init[960]: ci-info: | Route | Destination | Gateway  |    Genmask    | Interface | Flags |
[   15.644327] cloud-init[960]: ci-info: +-------+-------------+----------+---------------+-----------+-------+
[   15.648373] cloud-init[960]: ci-info: |   0   |   0.0.0.0   | 10.0.2.2 |    0.0.0.0    |   enp0s3  |   UG  |
[   15.649911] cloud-init[960]: ci-info: |   1   |   10.0.2.0  | 0.0.0.0  | 255.255.255.0 |   enp0s3  |   U   |
[   15.668053] cloud-init[960]: ci-info: +-------+-------------+----------+---------------+-----------+-------+
[   15.669448] cloud-init[960]: ci-info: +++++++++++++++++++Route IPv6 info+++++++++++++++++++
[   15.670578] cloud-init[960]: ci-info: +-------+-------------+---------+-----------+-------+
[   15.672347] cloud-init[960]: ci-info: | Route | Destination | Gateway | Interface | Flags |
[   15.673508] cloud-init[960]: ci-info: +-------+-------------+---------+-----------+-------+
[   15.676268] cloud-init[960]: ci-info: |   0   |  fe80::/64  |    ::   |   enp0s3  |   U   |
[   15.680546] cloud-init[960]: ci-info: |   3   |   ff00::/8  |    ::   |   enp0s3  |   U   |
[   15.681937] cloud-init[960]: ci-info: +-------+-------------+---------+-----------+-------+
[   15.683297] cloud-init[960]: Generating public/private rsa key pair.
[   15.684479] cloud-init[960]: Your identification has been saved in /etc/ssh/ssh_host_rsa_key.
[   15.688314] cloud-init[960]: Your public key has been saved in /etc/ssh/ssh_host_rsa_key.pub.
[   15.692360] cloud-init[960]: The key fingerprint is:
[   15.693197] cloud-init[960]: SHA256:DdG/Q8TcAqhslhqOgMM06TvbOm17sDSgBgcDmNRNTjo root@ubuntu-xenial
[   15.694538] cloud-init[960]: The key's randomart image is:
[   15.696374] cloud-init[960]: +---[RSA 2048]----+
[   15.697097] cloud-init[960]: |=oo oo  .o.+ .   |
[   15.700418] cloud-init[960]: |=+ .+.  ... = .  |
[   15.701146] cloud-init[960]: |=o.E o o.  o .   |
[   15.701989] cloud-init[960]: |=+. o *  o  o    |
[   15.702897] cloud-init[960]: |o+oo =  S .. .   |
[   15.703734] cloud-init[960]: |.+.+o       o    |
[   15.704742] cloud-init[960]: |. * +        .   |
[   15.707698] cloud-init[960]: | o = .           |
[[0;32m  OK  [0m[   15.712291] cloud-init[960]: | .+.o            |
[   15.713457] cloud-init[960]: +----[SHA256]-----+
[   15.714627] cloud-init[960]: Generating public/private dsa key pair.
[   15.715811] cloud-init] Started Initial cloud-init job (metadata service crawler).
[[0;32m  OK  [0m] Reached target Network is Online.
         Starting iSCSI initiator daemon (iscsid)...
[[0;32m  OK  [0m] Reached target Cloud-config availability.
[[0;32m  OK  [0m] Reached target System Initialization.[960]: Your identification has been saved in /etc/ssh/ssh_host_dsa_key.
[   15.721587] cloud-init[960]: Your public key has been saved in /etc/ssh/ssh_host_dsa_key.pub.
[   15.722448] cloud-init[960]: The key fingerprint is:
[   15.723165] cloud-init[960]: SHA256:Klwgm5xl6xzAHZLdra0h+YZRfKF+9etTjeBiEzm1iDM root@ubuntu-xenial

[[0;32m  OK  [0m] Started Daily Cleanup of Temporary Directories.
[   15.725019] cloud-init[960]: The key's randomart image is:
[   15.735411] cloud-init[960]: +---[DSA 1024]----+[[0;32m  OK  [0m] Listening on ACPID Listen Socket.
[[0;32m  OK  [0m] Started Daily apt download activities.

[   15.738450] cloud-init[960]: |  .o.o ...       |
[   15.739518] cloud-init[960]: | ..o..+.o   .    |
[   15.740581] cloud-init[960]: |  + =o.+ ..+ .   |
[   15.741610] cloud-init[960]: | . O++o E.=.o    |
[[0;32m  OK  [0m] Started ACPI Events Check.
[[0;32m  OK  [0m] Reached target Paths.
[[0;32m  OK  [0m] Listening on UUID daemon activation socket.
[[0;32m  OK  [0m] Started Ubuntu Advantage update messaging.
[[0;32m  OK  [0m[   15.742657] cloud-init[960]: |  = o=ooSo +.. o |
[   15.749053] cloud-init[960]: |   +.o+o  + ..o .|
[   15.749836] cloud-init[960]: |    =..  . o..   |
[   15.750624] cloud-init[960]: |     .     ..    |
[   15.751374] cloud-init[960]: ] Started Daily apt upgrade and clean activities.
|            ..   |
[   15.753511] cloud-init[960]: +----[SHA256]-----+
[   15.754563] cloud-init[960]: Generating public/private ecdsa key pair.
[   15.755852] cloud-init[960]: Your identification has been saved in /etc/ssh/ssh_host_ecdsa_key.
[   15.757367] cloud-init[960]: Your public key has been saved in /etc/ssh/ssh_host_ecdsa_key.pub.
[   15.758909] cloud-init[960]: The key fingerprint is:
[   15.759932] cloud-init[960]: SHA256:MNnlogAACE/0oVSpU5gzM/8GNz4a+Oc7CDrCyjAx3ms root@ubuntu-xenial
[   15.761487] cloud-init[960]: The key's randomart image is:
[   15.762629] cloud-init[960]: +---[ECDSA 256]---+
[   15.763632] cloud-init[960]: |Bo=+o.    .      |         Starting LXD - unix socket.
[[0;32m  OK  [0m] Started Message of the Day.
[[0;32m  OK  [0m] Reached target Timers.
[[0;32m  OK  [0m] Listening on D-Bus System Message Bus Socket.

[   15.768275] cloud-init[960]: |.+B+o. o o       |
[   15.769853] cloud-init[960]: |  oOo + o .      |
[   15.770688] cloud-init[960]: |  o o.o+ .       |
[   15.771504] cloud-init[960]: |o  o =..S        |         Starting Socket activation for snappy daemon.
[[0;32m  OK  [0m] Listening on LXD - unix socket.
[[0;32m  OK  [0m
[   15.776366] cloud-init[960]: |.o+ . =          |
[   15.777153] cloud-init[960]: |+o + = .         |
[   15.777939] ] Listening on Socket activation for snappy daemon.
[[0;32m  OK  [0m] Reached target Sockets.
[[0;32m  OK  [0m] Reached target Basic System.cloud-init[960]: |*o E= o          |
[   15.781643] cloud-init[960]: |+o.. ooo         |
[   15.782474] cloud-init[960]: +----[SHA256]-----+
[   15.783260] cloud-init[960]: Generating public/private ed25519 key pair.

[   15.785305] cloud-init[960]: Your identification has been saved in /etc/ssh/ssh_host_ed25519_key.
[   15.786717] cloud-init[960]: Your public key has been saved in /etc/ssh/ssh_host_ed25519_key.pub.
[   15.788297] cloud-init[960]: The key fingerprint is:
[   15.789388] cloud-init[960]: SHA256:jDNxHo/vPsLGNXQt4J7rVmHNtxHH7MNOBeKxLbRVhhk root@ubuntu-xenial
[   15.790909] cloud-init[960]: The key's randomart image is:
[[0;32m  OK  [0m] Started ACPI event daemon.
[[   15.796412] cloud-init[960]: +--[ED25519 256]--+
[   15.797220] cloud-init[960]: |            + EOo|
[   15.798018] cloud-init[960]: |          .o Boo=|
[   15.798818] cloud-init[960]: |      . o. .=+o.+|
[   15.799642] cloud-init[960]: [0;32m  OK  [0m] Started Deferred execution scheduler.
         Starting Virtualbox guest utils...
|       * +o =.+=o|
[   15.805835] cloud-init[960]: |      + So.+ oo.+|
[   15.810011] cloud-init[960]: |       o .= .  o |
[   15.813059] cloud-init[960]: |       o ..+     |
[   15.813799] cloud-init[960]: |        =.+      |
[   15.814797] cloud-init[960]: |       . =+.     |
[   15.815778] cloud-init[960]: +----[SHA256]-----+
[[0;32m  OK  [0m] Started Regular background program processing daemon.
         Starting Login Service...
         Starting Accounts Service...
         Starting /etc/rc.local Compatibility...
         Starting LSB: Record successful boot for GRUB...
[[0;32m  OK  [0m] Started FUSE filesystem for LXC.
         Starting System Logging Service...
         Starting LSB: MD monitoring daemon...
         Starting LXD - container startup/shutdown...
[[0;32m  OK  [0m] Started D-Bus System Message Bus.
         Starting Pollinate to seed the pseudo random number generator...
         Starting Snap Daemon...
[[0;32m  OK  [0m] Started System Logging Service.
[[0;32m  OK  [0m] Started /etc/rc.local Compatibility.
[[0;32m  OK  [0m] Started Login Service.
[[0;32m  OK  [0m] Started Unattended Upgrades Shutdown.
         Starting Authenticate and Authorize Users to Run Privileged Tasks...
[[0;32m  OK  [0m] Started LSB: MD monitoring daemon.
[[0;32m  OK  [0m] Started iSCSI initiator daemon (iscsid).
         Starting Login to default iSCSI targets...
[[0;32m  OK  [0m] Started LSB: Record successful boot for GRUB.
[[0;32m  OK  [0m] Started Login to default iSCSI targets.
[[0;32m  OK  [0m] Reached target Remote File Systems (Pre).
[[0;32m  OK  [0m] Reached target Remote File Systems.
         Starting Permit User Sessions...
         Starting LSB: daemon to balance interrupts for SMP systems...
         Starting LSB: automatic crash report generation...
         Starting LSB: Set the CPU Frequency Scaling governor to "ondemand"...
[[0;32m  OK  [0m] Started LSB: Set the CPU Frequency Scaling governor to "ondemand".
[[0;32m  OK  [0m] Started Permit User Sessions.
         Starting Terminate Plymouth Boot Screen...
         Starting Hold until boot process finishes up...
[[0;32m  OK  [0m] Started Hold until boot process finishes up.
[[0;32m  OK  [0m] Started Getty on tty1.
[[0;32m  OK  [0m] Started Serial Getty on ttyS0.
[[0;32m  OK  [0m] Reached target Login Prompts.
         Starting Set console scheme...
[[0;32m  OK  [0m] Started Terminate Plymouth Boot Screen.
[[0;32m  OK  [0m] Started LSB: daemon to balance interrupts for SMP systems.
[[0;32m  OK  [0m] Started LSB: automatic crash report generation.
[[0;32m  OK  [0m] Started Authenticate and Authorize Users to Run Privileged Tasks.
[[0;32m  OK  [0m] Started Accounts Service.
[[0;32m  OK  [0m] Started Set console scheme.
[[0;32m  OK  [0m] Started Virtualbox guest utils.
[[0;32m  OK  [0m] Started LXD - container startup/shutdown.
[[0;32m  OK  [0m] Started Pollinate to seed the pseudo random number generator.
         Starting OpenBSD Secure Shell server...
[[0;32m  OK  [0m] Started Snap Daemon.
         Starting Wait until snapd is fully seeded...
[[0;32m  OK  [0m] Started OpenBSD Secure Shell server.
[[0;32m  OK  [0m] Created slice User Slice of vagrant.
         Starting User Manager for UID 1000...
[[0;32m  OK  [0m] Started Session 1 of user vagrant.
[[0;32m  OK  [0m] Started User Manager for UID 1000.

Ubuntu 16.04.7 LTS ubuntu-xenial ttyS0

ubuntu-xenial login: [   30.257707] cloud-init[1499]: Generating locales (this might take a while)...
[   34.594691] cloud-init[1499]:   en_US.UTF-8... done
[   34.602741] cloud-init[1499]: Generation complete.
[   53.536787] cloud-init[1499]: Cloud-init v. 21.1-19-gbad84ad4-0ubuntu1~16.04.2 running 'modules:config' at Tue, 02 Nov 2021 23:57:24 +0000. Up 27.65 seconds.
ci-info: no authorized SSH keys fingerprints found for user ubuntu.
<14>Nov  2 23:57:51 ec2: 
<14>Nov  2 23:57:51 ec2: #############################################################
<14>Nov  2 23:57:51 ec2: -----BEGIN SSH HOST KEY FINGERPRINTS-----
<14>Nov  2 23:57:51 ec2: 1024 SHA256:Klwgm5xl6xzAHZLdra0h+YZRfKF+9etTjeBiEzm1iDM root@ubuntu-xenial (DSA)
<14>Nov  2 23:57:51 ec2: 256 SHA256:MNnlogAACE/0oVSpU5gzM/8GNz4a+Oc7CDrCyjAx3ms root@ubuntu-xenial (ECDSA)
<14>Nov  2 23:57:51 ec2: 256 SHA256:jDNxHo/vPsLGNXQt4J7rVmHNtxHH7MNOBeKxLbRVhhk root@ubuntu-xenial (ED25519)
<14>Nov  2 23:57:51 ec2: 2048 SHA256:DdG/Q8TcAqhslhqOgMM06TvbOm17sDSgBgcDmNRNTjo root@ubuntu-xenial (RSA)
<14>Nov  2 23:57:51 ec2: -----END SSH HOST KEY FINGERPRINTS-----
<14>Nov  2 23:57:51 ec2: #############################################################
-----BEGIN SSH HOST KEY KEYS-----
ecdsa-sha2-nistp256 AAAAE2VjZHNhLXNoYTItbmlzdHAyNTYAAAAIbmlzdHAyNTYAAABBBKoWeoJyKRsXgVvmxpNV8SjdrMMoxBX1LNtEYVYHYh5MbDL1AH7lreFUuxis7/LGjabDMYqViWEJPARhYtSNOAo= root@ubuntu-xenial
ssh-ed25519 AAAAC3NzaC1lZDI1NTE5AAAAIO4oMNJ/2H+r1IeZuZB6NpEfcfJYqOtQB5/E/YQbThZP root@ubuntu-xenial
ssh-rsa AAAAB3NzaC1yc2EAAAADAQABAAABAQC10Tg3FdBmbmooIEJcZDe7cH6Cq9hfnQeuBlzR5CGACaIsHTXIs7nYHz4tJJ7kt+PeDAkXKbnn5IqZoWyVk1rOmVCHGeVkWeTnG0I/4DABafNnapjFhEX3QGAVUuurznB2o2bel4D8FDMn0WfUFRLaXRiNpWuSRU1IOIs6ARuqE4nXCirj9AuN64z0gWGjidihoLwG1bfPgtcGuO21tGmJ0T9Spr7jGiW/VHCAt+NnKJL3VeZe4U5Vfug/Y1tr0sXJTu9JpFm/aoItjdv+Rs1w1X5WeQvN5HOlWSu5DIeXMqu3tQFipARliMJfyCNLgXgLilVH9YwEWcZfR2pI+DV3 root@ubuntu-xenial
-----END SSH HOST KEY KEYS-----
[   55.034680] cloud-init[2066]: Cloud-init v. 21.1-19-gbad84ad4-0ubuntu1~16.04.2 running 'modules:final' at Tue, 02 Nov 2021 23:57:51 +0000. Up 54.43 seconds.
[   55.036732] cloud-init[2066]: ci-info: no authorized SSH keys fingerprints found for user ubuntu.
[   55.070727] cloud-init[2066]: Cloud-init v. 21.1-19-gbad84ad4-0ubuntu1~16.04.2 finished at Tue, 02 Nov 2021 23:57:51 +0000. Datasource DataSourceNoCloud [seed=/dev/sdb][dsmode=net].  Up 55.02 seconds
